This is pdfTeX, Version 3.141592653-2.6-1.40.24 (MiKTeX 23.1) (preloaded format=pdflatex 2023.2.25)  25 FEB 2023 19:27
entering extended mode
 restricted \write18 enabled.
 %&-line parsing enabled.
**"C:/Users/user/OneDrive - Gruppo Ferrovie Dello Stato/RFI PhD/LaTex/Research 
Diary/dataPlots/platoon.tex"

(C:/Users/user/OneDrive - Gruppo Ferrovie Dello Stato/RFI PhD/LaTex/Research Di
ary/dataPlots/platoon.tex
LaTeX2e <2022-11-01> patch level 1
L3 programming layer <2023-02-02>
! Undefined control sequence.
l.1 \pgfplotsset
                {width=8cm,compat=1.18}
? 
! Emergency stop.
l.1 
    
End of file on the terminal!

 
Here is how much of TeX's memory you used:
 19 strings out of 476374
 712 string characters out of 5789326
 1849340 words of memory out of 12000000
 20508 multiletter control sequences out of 15000+600000
 512287 words of font info for 32 fonts, out of 8000000 for 9000
 1141 hyphenation exceptions out of 8191
 13i,0n,12p,172b,10s stack positions out of 10000i,1000n,20000p,200000b,200000s
!  ==> Fatal error occurred, no output PDF file produced!
